2024-05-24 09:14:47,678 - log_files.log - CRITICAL - Критическая ошибка: <class 'KeyboardInterrupt'>, , <traceback object at 0x000002DE8DABBCC0>
2024-05-24 11:17:40,729 - log_files.log - CRITICAL - Критическая ошибка: <class 'KeyboardInterrupt'>, , <traceback object at 0x0000027C3A0EEBC0>
2024-05-24 11:26:24,029 - log_files.log - CRITICAL - Критическая ошибка: <class 'KeyboardInterrupt'>, , <traceback object at 0x000001F913F8E9C0>
2024-05-24 11:26:24,068 - log_files.log - CRITICAL - Критическая ошибка: <class 'KeyboardInterrupt'>, , <traceback object at 0x000001FCA7D2EAC0>
2024-05-28 09:57:20,676 - log_files.log - CRITICAL - Критическая ошибка: <class 'KeyboardInterrupt'>, , <traceback object at 0x0000026F8FE3E9C0>
2024-05-29 10:16:45,920 - log_files.log - CRITICAL - Критическая ошибка: <class 'FileNotFoundError'>, [Errno 2] No such file or directory: 'podpisant.json', <traceback object at 0x00000162A57B9B80>
2024-05-29 11:18:45,385 - log_files.log - CRITICAL - Критическая ошибка: <class 'FileNotFoundError'>, [Errno 2] No such file or directory: 'podpisant.json', <traceback object at 0x0000025A9B421500>
2024-05-29 11:23:57,600 - log_files.log - CRITICAL - Критическая ошибка: <class 'FileNotFoundError'>, [Errno 2] No such file or directory: 'imageFiles/podpisant.json', <traceback object at 0x000001BE5D3044C0>
2024-05-29 11:26:47,472 - log_files.log - CRITICAL - Критическая ошибка: <class 'FileNotFoundError'>, [Errno 2] No such file or directory: 'imageFiles/podpisant.json', <traceback object at 0x000001B7606A09C0>
2024-05-29 11:39:35,598 - log_files.log - CRITICAL - Критическая ошибка: <class 'FileNotFoundError'>, [WinError 3] Системе не удается найти указанный путь: 'imageFiles/image_work', <traceback object at 0x000001913D0FF6C0>
2024-05-29 11:39:53,129 - log_files.log - CRITICAL - Критическая ошибка: <class 'FileNotFoundError'>, [Errno 2] No such file or directory: 'imageFiles/podpisant.json', <traceback object at 0x0000019141869980>
2024-05-29 11:44:36,117 - log_files.log - CRITICAL - Критическая ошибка: <class 'FileNotFoundError'>, [Errno 2] No such file or directory: 'imageFiles/podpisant.json', <traceback object at 0x000001D658EA8D80>
2024-05-29 11:46:12,976 - log_files.log - CRITICAL - Критическая ошибка: <class 'FileNotFoundError'>, [Errno 2] No such file or directory: 'imageFiles/podpisant.json', <traceback object at 0x0000015B02A42480>
2024-05-29 13:47:50,544 - log_files.log - CRITICAL - Критическая ошибка: <class 'FileNotFoundError'>, [Errno 2] No such file or directory: 'imageFiles/podpisant.json', <traceback object at 0x000001EA7981B700>
2024-05-29 13:56:52,144 - log_files.log - CRITICAL - Критическая ошибка: <class 'FileNotFoundError'>, [Errno 2] No such file or directory: 'imageFiles/podpisant.json', <traceback object at 0x00000204315A0180>
2024-05-29 13:57:59,514 - log_files.log - CRITICAL - Критическая ошибка: <class 'FileNotFoundError'>, [Errno 2] No such file or directory: 'imageFiles/podpisant.json', <traceback object at 0x000002855EC67CC0>
2024-05-29 13:58:11,502 - log_files.log - CRITICAL - Критическая ошибка: <class 'FileNotFoundError'>, [WinError 3] Системе не удается найти указанный путь: 'imageFiles/image_work', <traceback object at 0x000002855F0DF940>
2024-05-29 13:58:24,938 - log_files.log - CRITICAL - Критическая ошибка: <class 'FileNotFoundError'>, [Errno 2] No such file or directory: 'imageFiles/podpisant.json', <traceback object at 0x000002855F3F80C0>
2024-05-29 13:59:31,065 - log_files.log - CRITICAL - Критическая ошибка: <class 'FileNotFoundError'>, [Errno 2] No such file or directory: 'imageFiles/property_excel/template_gis.xlsx', <traceback object at 0x000002855D593480>
2024-05-29 13:59:32,312 - log_files.log - CRITICAL - Критическая ошибка: <class 'FileNotFoundError'>, [Errno 2] No such file or directory: 'imageFiles/property_excel/template_gis.xlsx', <traceback object at 0x000002855D593540>
2024-05-29 13:59:34,527 - log_files.log - CRITICAL - Критическая ошибка: <class 'FileNotFoundError'>, [Errno 2] No such file or directory: 'imageFiles/property_excel/template_gis.xlsx', <traceback object at 0x000002855D593A80>
2024-05-29 13:59:34,839 - log_files.log - CRITICAL - Критическая ошибка: <class 'FileNotFoundError'>, [Errno 2] No such file or directory: 'imageFiles/property_excel/template_gis.xlsx', <traceback object at 0x000002855D593540>
2024-05-29 13:59:35,040 - log_files.log - CRITICAL - Критическая ошибка: <class 'FileNotFoundError'>, [Errno 2] No such file or directory: 'imageFiles/property_excel/template_gis.xlsx', <traceback object at 0x000002855D593B40>
2024-05-29 13:59:35,264 - log_files.log - CRITICAL - Критическая ошибка: <class 'FileNotFoundError'>, [Errno 2] No such file or directory: 'imageFiles/property_excel/template_gis.xlsx', <traceback object at 0x000002855D593540>
2024-05-29 13:59:39,544 - log_files.log - CRITICAL - Критическая ошибка: <class 'FileNotFoundError'>, [WinError 3] Системе не удается найти указанный путь: 'imageFiles/image_work', <traceback object at 0x000002855EC01080>
2024-05-29 14:10:09,377 - log_files.log - CRITICAL - Критическая ошибка: <class 'FileNotFoundError'>, [Errno 2] No such file or directory: '_internal/podpisant.json', <traceback object at 0x0000016329B84B40>
2024-05-29 14:48:53,298 - log_files.log - CRITICAL - Критическая ошибка: <class 'FileNotFoundError'>, [Errno 2] No such file or directory: '_internal/podpisant.json', <traceback object at 0x0000024879E61100>
2024-05-29 14:50:14,099 - log_files.log - CRITICAL - Критическая ошибка: <class 'FileNotFoundError'>, [WinError 3] Системе не удается найти указанный путь: '_internal/imageFiles/image_work', <traceback object at 0x0000024872F0CCC0>
2024-05-29 14:50:35,734 - log_files.log - CRITICAL - Критическая ошибка: <class 'FileNotFoundError'>, [Errno 2] No such file or directory: '_internal/podpisant.json', <traceback object at 0x0000024879E66580>
